<?xml version="1.0" encoding="UTF-8"?>
<!-- Generated by org.testng.reporters.JUnitReportReporter -->
<testsuite hostname="Mamta-PC" name="apiTestingForWeathre.WeathreApiGetRequests" tests="1" failures="0" timestamp="14 Jul 2017 20:35:25 GMT" time="10.486" errors="0">
  <testcase name="Test_02" time="10.486" classname="apiTestingForWeathre.WeathreApiGetRequests"/>
</testsuite> <!-- apiTestingForWeathre.WeathreApiGetRequests -->
